<?xml version="1.0" encoding="UTF-8"?>
<testsuite xmlns:xsi="http://www.w3.org/2001/XMLSchema-instance" xsi:noNamespaceSchemaLocation="https://maven.apache.org/surefire/maven-surefire-plugin/xsd/surefire-test-report-3.0.xsd" version="3.0" name="com.meli.rest.evaluacion.EvaluacionApplicationTests" time="6.202" tests="1" errors="0" skipped="0" failures="0">
  <properties>
[...]
</properties>
  <testcase name="contextLoads" classname="com.meli.rest.evaluacion.EvaluacionApplicationTests" time="0.014">
    <system-out><![CDATA[2025-12-05T12:41:36.663-03:00  INFO 7412 --- [           main] t.c.s.AnnotationConfigContextLoaderUtils : Could not detect default configuration classes for test class [com.meli.rest.evaluacion.EvaluacionApplicationTests]: EvaluacionApplicationTests does not declare any static, non-private, non-final, nested classes annotated with @Configuration.
2025-12-05T12:41:36.699-03:00  INFO 7412 --- [           main] .b.t.c.SpringBootTestContextBootstrapper : Found @SpringBootConfiguration com.meli.rest.evaluacion.EvaluacionApplication for test class com.meli.rest.evaluacion.EvaluacionApplicationTests

  .   ____          _            __ _ _
 /\\ / ___'_ __ _ _(_)_ __  __ _ \ \ \ \
( ( )\___ | '_ | '_| | '_ \/ _` | \ \ \ \
 \\/  ___)| |_)| | | | | || (_| |  ) ) ) )
  '  |____| .__|_| |_|_| |_\__, | / / / /
 =========|_|==============|___/=/_/_/_/
 :: Spring Boot ::                (v3.1.5)

2025-12-05T12:41:36.860-03:00  INFO 7412 --- [           main] c.m.r.e.EvaluacionApplicationTests       : Starting EvaluacionApplicationTests using Java 17 with PID 7412 (started by usuario1 in C:\MELI\evaluacion)
2025-12-05T12:41:36.861-03:00  INFO 7412 --- [           main] c.m.r.e.EvaluacionApplicationTests       : No active profile set, falling back to 1 default profile: "default"
2025-12-05T12:41:37.793-03:00  INFO 7412 --- [           main] .s.d.r.c.RepositoryConfigurationDelegate : Bootstrapping Spring Data JPA repositories in DEFAULT mode.
2025-12-05T12:41:37.920-03:00  INFO 7412 --- [           main] .s.d.r.c.RepositoryConfigurationDelegate : Finished Spring Data repository scanning in 107 ms. Found 1 JPA repository interfaces.
2025-12-05T12:41:38.623-03:00  INFO 7412 --- [           main] o.hibernate.jpa.internal.util.LogHelper  : HHH000204: Processing PersistenceUnitInfo [name: default]
2025-12-05T12:41:38.800-03:00  INFO 7412 --- [           main] org.hibernate.Version                    : HHH000412: Hibernate ORM core version 6.2.13.Final
2025-12-05T12:41:38.806-03:00  INFO 7412 --- [           main] org.hibernate.cfg.Environment            : HHH000406: Using bytecode reflection optimizer
2025-12-05T12:41:39.201-03:00  INFO 7412 --- [           main] o.s.o.j.p.SpringPersistenceUnitInfo      : No LoadTimeWeaver setup: ignoring JPA class transformer
2025-12-05T12:41:39.260-03:00  INFO 7412 --- [           main] com.zaxxer.hikari.HikariDataSource       : HikariPool-1 - Starting...
2025-12-05T12:41:39.674-03:00  INFO 7412 --- [           main] com.zaxxer.hikari.pool.HikariPool        : HikariPool-1 - Added connection conn0: url=jdbc:h2:mem:evaluaciondb user=SA
2025-12-05T12:41:39.678-03:00  INFO 7412 --- [           main] com.zaxxer.hikari.HikariDataSource       : HikariPool-1 - Start completed.
2025-12-05T12:41:39.742-03:00  WARN 7412 --- [           main] org.hibernate.orm.deprecation            : HHH90000025: H2Dialect does not need to be specified explicitly using 'hibernate.dialect' (remove the property setting and it will be selected by default)
2025-12-05T12:41:41.269-03:00  INFO 7412 --- [           main] o.h.e.t.j.p.i.JtaPlatformInitiator       : HHH000489: No JTA platform available (set 'hibernate.transaction.jta.platform' to enable JTA platform integration)
Hibernate: create table producto_especificaciones (producto_id bigint not null, especificacion varchar(255))
Hibernate: create table producto_imagenes (producto_id bigint not null, url_imagen varchar(255))
Hibernate: create table productos (id bigint generated by default as identity, cantidad_vendida integer, descripcion clob not null, envio_gratis boolean, fecha_actualizacion timestamp(6), fecha_publicacion timestamp(6) not null, id_vendedor bigint, metodo_envio_principal varchar(255), moneda varchar(3) not null, nombre_vendedor varchar(255), precio numeric(38,2) not null, rating_promedio float(24), reputacion_vendedor float(24), stock_disponible integer not null, titulo varchar(255) not null, total_opiniones integer, primary key (id))
Hibernate: alter table if exists producto_especificaciones add constraint FK74vqpmllp6sofxhrit81ru7j5 foreign key (producto_id) references productos
Hibernate: alter table if exists producto_imagenes add constraint FKo89u1q4jan8gbgod33hv48u27 foreign key (producto_id) references productos
2025-12-05T12:41:41.399-03:00  INFO 7412 --- [           main] j.LocalContainerEntityManagerFactoryBean : Initialized JPA EntityManagerFactory for persistence unit 'default'
2025-12-05T12:41:42.274-03:00  WARN 7412 --- [           main] JpaBaseConfiguration$JpaWebConfiguration : spring.jpa.open-in-view is enabled by default. Therefore, database queries may be performed during view rendering. Explicitly configure spring.jpa.open-in-view to disable this warning
2025-12-05T12:41:42.748-03:00  INFO 7412 --- [           main] o.s.b.a.h2.H2ConsoleAutoConfiguration    : H2 console available at '/h2-console'. Database available at 'jdbc:h2:mem:evaluaciondb'
2025-12-05T12:41:42.827-03:00  INFO 7412 --- [           main] c.m.r.e.EvaluacionApplicationTests       : Started EvaluacionApplicationTests in 6.105 seconds (process running for 15.868)
]]></system-out>
  </testcase>
</testsuite>