<?xml version="1.0" encoding="UTF-8"?>
<testsuite xmlns:xsi="http://www.w3.org/2001/XMLSchema-instance" xsi:noNamespaceSchemaLocation="https://maven.apache.org/surefire/maven-surefire-plugin/xsd/surefire-test-report-3.0.xsd" version="3.0" name="com.meli.rest.evaluacion.controller.ProductosControllerTest" time="8.949" tests="6" errors="0" skipped="0" failures="0">
  <properties>
[...]
</properties>
  <testcase name="obtenerProductoPorId_NoExiste_Retorna404NotFound" classname="com.meli.rest.evaluacion.controller.ProductosControllerTest" time="0.494">
    <system-out><![CDATA[19:03:04.700 [main] INFO org.springframework.test.context.support.AnnotationConfigContextLoaderUtils -- Could not detect default configuration classes for test class [com.meli.rest.evaluacion.controller.ProductosControllerTest]: ProductosControllerTest does not declare any static, non-private, non-final, nested classes annotated with @Configuration.
19:03:05.058 [main] INFO org.springframework.boot.test.context.SpringBootTestContextBootstrapper -- Found @SpringBootConfiguration com.meli.rest.evaluacion.EvaluacionApplication for test class com.meli.rest.evaluacion.controller.ProductosControllerTest
19:03:04,273 |-INFO in ch.qos.logback.classic.LoggerContext[default] - This is logback-classic version 1.4.11
19:03:04,280 |-INFO in ch.qos.logback.classic.util.ContextInitializer@7c9b78e3 - Here is a list of configurators discovered as a service, by rank: 
19:03:04,280 |-INFO in ch.qos.logback.classic.util.ContextInitializer@7c9b78e3 -   org.springframework.boot.logging.logback.RootLogLevelConfigurator
19:03:04,280 |-INFO in ch.qos.logback.classic.util.ContextInitializer@7c9b78e3 - They will be invoked in order until ExecutionStatus.DO_NOT_INVOKE_NEXT_IF_ANY is returned.
19:03:04,280 |-INFO in ch.qos.logback.classic.util.ContextInitializer@7c9b78e3 - Constructed configurator of type class org.springframework.boot.logging.logback.RootLogLevelConfigurator
19:03:04,298 |-INFO in ch.qos.logback.classic.util.ContextInitializer@7c9b78e3 - org.springframework.boot.logging.logback.RootLogLevelConfigurator.configure() call lasted 0 milliseconds. ExecutionStatus=INVOKE_NEXT_IF_ANY
19:03:04,298 |-INFO in ch.qos.logback.classic.util.ContextInitializer@7c9b78e3 - Trying to configure with ch.qos.logback.classic.joran.SerializedModelConfigurator
19:03:04,299 |-INFO in ch.qos.logback.classic.util.ContextInitializer@7c9b78e3 - Constructed configurator of type class ch.qos.logback.classic.joran.SerializedModelConfigurator
19:03:04,331 |-INFO in ch.qos.logback.classic.LoggerContext[default] - Could NOT find resource [logback-test.scmo]
19:03:04,332 |-INFO in ch.qos.logback.classic.LoggerContext[default] - Could NOT find resource [logback.scmo]
19:03:04,332 |-INFO in ch.qos.logback.classic.util.ContextInitializer@7c9b78e3 - ch.qos.logback.classic.joran.SerializedModelConfigurator.configure() call lasted 33 milliseconds. ExecutionStatus=INVOKE_NEXT_IF_ANY
19:03:04,332 |-INFO in ch.qos.logback.classic.util.ContextInitializer@7c9b78e3 - Trying to configure with ch.qos.logback.classic.util.DefaultJoranConfigurator
19:03:04,334 |-INFO in ch.qos.logback.classic.util.ContextInitializer@7c9b78e3 - Constructed configurator of type class ch.qos.logback.classic.util.DefaultJoranConfigurator
19:03:04,335 |-INFO in ch.qos.logback.classic.LoggerContext[default] - Could NOT find resource [logback-test.xml]
19:03:04,335 |-INFO in ch.qos.logback.classic.LoggerContext[default] - Could NOT find resource [logback.xml]
19:03:04,336 |-INFO in ch.qos.logback.classic.util.ContextInitializer@7c9b78e3 - ch.qos.logback.classic.util.DefaultJoranConfigurator.configure() call lasted 2 milliseconds. ExecutionStatus=INVOKE_NEXT_IF_ANY
19:03:04,336 |-INFO in ch.qos.logback.classic.util.ContextInitializer@7c9b78e3 - Trying to configure with ch.qos.logback.classic.BasicConfigurator
19:03:04,338 |-INFO in ch.qos.logback.classic.util.ContextInitializer@7c9b78e3 - Constructed configurator of type class ch.qos.logback.classic.BasicConfigurator
19:03:04,338 |-INFO in ch.qos.logback.classic.BasicConfigurator@3068b369 - Setting up default configuration.
19:03:04,378 |-INFO in ch.qos.logback.classic.util.ContextInitializer@7c9b78e3 - ch.qos.logback.classic.BasicConfigurator.configure() call lasted 40 milliseconds. ExecutionStatus=NEUTRAL
19:03:06,218 |-INFO in ch.qos.logback.core.model.processor.AppenderModelHandler - Processing appender named [CONSOLE]
19:03:06,218 |-INFO in ch.qos.logback.core.model.processor.AppenderModelHandler - About to instantiate appender of type [ch.qos.logback.core.ConsoleAppender]
19:03:06,255 |-WARN in ch.qos.logback.core.ConsoleAppender[CONSOLE] - This appender no longer admits a layout as a sub-component, set an encoder instead.
19:03:06,255 |-WARN in ch.qos.logback.core.ConsoleAppender[CONSOLE] - To ensure compatibility, wrapping your layout in LayoutWrappingEncoder.
19:03:06,255 |-WARN in ch.qos.logback.core.ConsoleAppender[CONSOLE] - See also http://logback.qos.ch/codes.html#layoutInsteadOfEncoder for details
19:03:06,255 |-INFO in ch.qos.logback.core.model.processor.AppenderModelHandler - Processing appender named [FILE]
19:03:06,255 |-INFO in ch.qos.logback.core.model.processor.AppenderModelHandler - About to instantiate appender of type [ch.qos.logback.core.rolling.RollingFileAppender]
19:03:06,275 |-INFO in c.q.l.core.rolling.TimeBasedRollingPolicy@399149970 - No compression will be used
19:03:06,277 |-INFO in c.q.l.core.rolling.TimeBasedRollingPolicy@399149970 - Will use the pattern logs/meli-evaluacion.%d{yyyy-MM-dd}.%i.log for the active file
19:03:06,281 |-INFO in ch.qos.logback.core.rolling.SizeAndTimeBasedFNATP@5491f68b - The date pattern is 'yyyy-MM-dd' from file name pattern 'logs/meli-evaluacion.%d{yyyy-MM-dd}.%i.log'.
19:03:06,281 |-INFO in ch.qos.logback.core.rolling.SizeAndTimeBasedFNATP@5491f68b - Roll-over at midnight.
19:03:06,282 |-INFO in ch.qos.logback.core.rolling.SizeAndTimeBasedFNATP@5491f68b - Setting initial period to 2025-12-05T21:55:02.572Z
19:03:06,283 |-WARN in ch.qos.logback.core.rolling.SizeAndTimeBasedFNATP@5491f68b - SizeAndTimeBasedFNATP is deprecated. Use SizeAndTimeBasedRollingPolicy instead
19:03:06,283 |-WARN in ch.qos.logback.core.rolling.SizeAndTimeBasedFNATP@5491f68b - For more information see http://logback.qos.ch/manual/appenders.html#SizeAndTimeBasedRollingPolicy
19:03:06,287 |-INFO in ch.qos.logback.core.model.processor.ImplicitModelHandler - Assuming default type [ch.qos.logback.classic.encoder.PatternLayoutEncoder] for [encoder] property
19:03:06,298 |-INFO in ch.qos.logback.core.rolling.RollingFileAppender[FILE] - Active log file name: logs/meli-evaluacion.log
19:03:06,299 |-INFO in ch.qos.logback.core.rolling.RollingFileAppender[FILE] - File property is set to [logs/meli-evaluacion.log]
19:03:06,302 |-INFO in ch.qos.logback.classic.model.processor.LoggerModelHandler - Setting level of logger [com.meli.rest.evaluacion] to DEBUG
19:03:06,304 |-INFO in ch.qos.logback.classic.jul.LevelChangePropagator@736ac09a - Propagating DEBUG level on Logger[com.meli.rest.evaluacion] onto the JUL framework
19:03:06,315 |-INFO in ch.qos.logback.classic.model.processor.LoggerModelHandler - Setting additivity of logger [com.meli.rest.evaluacion] to false
19:03:06,315 |-INFO in ch.qos.logback.core.model.processor.AppenderRefModelHandler - Attaching appender named [CONSOLE] to Logger[com.meli.rest.evaluacion]
19:03:06,315 |-INFO in ch.qos.logback.core.model.processor.AppenderRefModelHandler - Attaching appender named [FILE] to Logger[com.meli.rest.evaluacion]
19:03:06,316 |-INFO in ch.qos.logback.classic.model.processor.RootLoggerModelHandler - Setting level of ROOT logger to INFO
19:03:06,316 |-INFO in ch.qos.logback.classic.jul.LevelChangePropagator@736ac09a - Propagating INFO level on Logger[ROOT] onto the JUL framework
19:03:06,316 |-INFO in ch.qos.logback.core.model.processor.AppenderRefModelHandler - Attaching appender named [CONSOLE] to Logger[ROOT]
19:03:06,316 |-INFO in ch.qos.logback.core.model.processor.AppenderRefModelHandler - Attaching appender named [FILE] to Logger[ROOT]
19:03:06,320 |-INFO in ch.qos.logback.core.model.processor.DefaultProcessor@6ecd665 - End of configuration.
19:03:06,321 |-INFO in org.springframework.boot.logging.logback.SpringBootJoranConfigurator@45394b31 - Registering current configuration as safe fallback point


  .   ____          _            __ _ _
 /\\ / ___'_ __ _ _(_)_ __  __ _ \ \ \ \
( ( )\___ | '_ | '_| | '_ \/ _` | \ \ \ \
 \\/  ___)| |_)| | | | | || (_| |  ) ) ) )
  '  |____| .__|_| |_|_| |_\__, | / / / /
 =========|_|==============|___/=/_/_/_/
 :: Spring Boot ::                (v3.1.5)

2025-12-05 19:03:06.528 [main] &amp#27;[34mINFO &amp#27;[0;39m &amp#27;[36mc.m.r.e.c.ProductosControllerTest&amp#27;[0;39m - Starting ProductosControllerTest using Java 17 with PID 29724 (started by usuario1 in C:\MELI\evaluacion)
2025-12-05 19:03:06.531 [main] &amp#27;[39mDEBUG&amp#27;[0;39m &amp#27;[36mc.m.r.e.c.ProductosControllerTest&amp#27;[0;39m - Running with Spring Boot v3.1.5, Spring v6.0.13
2025-12-05 19:03:06.532 [main] &amp#27;[34mINFO &amp#27;[0;39m &amp#27;[36mc.m.r.e.c.ProductosControllerTest&amp#27;[0;39m - No active profile set, falling back to 1 default profile: "default"
2025-12-05 19:03:12.014 [main] &amp#27;[34mINFO &amp#27;[0;39m &amp#27;[36mo.s.b.t.m.w.SpringBootMockServletContext&amp#27;[0;39m - Initializing Spring TestDispatcherServlet ''
2025-12-05 19:03:12.015 [main] &amp#27;[34mINFO &amp#27;[0;39m &amp#27;[36mo.s.t.w.s.TestDispatcherServlet&amp#27;[0;39m - Initializing Servlet ''
2025-12-05 19:03:12.021 [main] &amp#27;[34mINFO &amp#27;[0;39m &amp#27;[36mo.s.t.w.s.TestDispatcherServlet&amp#27;[0;39m - Completed initialization in 2 ms
2025-12-05 19:03:12.106 [main] &amp#27;[34mINFO &amp#27;[0;39m &amp#27;[36mc.m.r.e.c.ProductosControllerTest&amp#27;[0;39m - Started ProductosControllerTest in 6.838 seconds (process running for 9.344)
]]></system-out>
  </testcase>
  <testcase name="guardarProducto_DatosValidos_Retorna201Created" classname="com.meli.rest.evaluacion.controller.ProductosControllerTest" time="0.259"/>
  <testcase name="obtenerTodosLosProductos_ConDatos_Retorna200OkConLista" classname="com.meli.rest.evaluacion.controller.ProductosControllerTest" time="0.041"/>
  <testcase name="guardarProducto_DatosInvalidos_Retorna400BadRequest" classname="com.meli.rest.evaluacion.controller.ProductosControllerTest" time="0.047">
    <system-out><![CDATA[2025-12-05 19:03:12.995 [main] &amp#27;[1;31mERROR&amp#27;[0;39m &amp#27;[36mc.m.r.e.e.GlobalExceptionHandler&amp#27;[0;39m - Datos Invalidos: El precio debe ser positivo.
]]></system-out>
  </testcase>
  <testcase name="obtenerTodosLosProductos_ListaVacia_Retorna200OkConListaVacia" classname="com.meli.rest.evaluacion.controller.ProductosControllerTest" time="0.026"/>
  <testcase name="obtenerProductoPorId_Existe_Retorna200Ok" classname="com.meli.rest.evaluacion.controller.ProductosControllerTest" time="0.013"/>
</testsuite>