<?xml version="1.0" encoding="UTF-8"?>
<testsuite xmlns:xsi="http://www.w3.org/2001/XMLSchema-instance" xsi:noNamespaceSchemaLocation="https://maven.apache.org/surefire/maven-surefire-plugin/xsd/surefire-test-report-3.0.xsd" version="3.0" name="com.meli.rest.evaluacion.service.ProductoServiceImplTest" time="0.755" tests="6" errors="0" skipped="0" failures="0">
  <properties>
[...]
</properties>
  <testcase name="obtenerProductoPorId_ProductoNoExiste_RetornaOptionalVacio" classname="com.meli.rest.evaluacion.service.ProductoServiceImplTest" time="0.529">
    <system-out><![CDATA[2025-12-05 19:03:20.002 [main] &amp#27;[34mINFO &amp#27;[0;39m &amp#27;[36mc.m.r.e.s.ProductoServiceImpl&amp#27;[0;39m - -> Ejecutando método de obtención de producto por ID: 99
2025-12-05 19:03:20.003 [main] &amp#27;[31mWARN &amp#27;[0;39m &amp#27;[36mc.m.r.e.s.ProductoServiceImpl&amp#27;[0;39m - <- No se encontró ningún producto con ID: 99
]]></system-out>
  </testcase>
  <testcase name="obtenerProductoPorId_ProductoExiste_RetornaOptionalConProducto" classname="com.meli.rest.evaluacion.service.ProductoServiceImplTest" time="0.032">
    <system-out><![CDATA[2025-12-05 19:03:20.104 [main] &amp#27;[34mINFO &amp#27;[0;39m &amp#27;[36mc.m.r.e.s.ProductoServiceImpl&amp#27;[0;39m - -> Ejecutando método de obtención de producto por ID: 1
2025-12-05 19:03:20.105 [main] &amp#27;[39mDEBUG&amp#27;[0;39m &amp#27;[36mc.m.r.e.s.ProductoServiceImpl&amp#27;[0;39m - <- Producto encontrado con ID: 1 Test Item
]]></system-out>
  </testcase>
  <testcase name="obtenerTodosLosProductos_ConDatos_RetornaListaConProductos" classname="com.meli.rest.evaluacion.service.ProductoServiceImplTest" time="0.014">
    <system-out><![CDATA[2025-12-05 19:03:20.132 [main] &amp#27;[34mINFO &amp#27;[0;39m &amp#27;[36mc.m.r.e.s.ProductoServiceImpl&amp#27;[0;39m - -> Ejecutando metodo get de para obtencion de todos los productos
]]></system-out>
  </testcase>
  <testcase name="obtenerTodosLosProductos_SinDatos_RetornaListaVacia" classname="com.meli.rest.evaluacion.service.ProductoServiceImplTest" time="0.008">
    <system-out><![CDATA[2025-12-05 19:03:20.141 [main] &amp#27;[34mINFO &amp#27;[0;39m &amp#27;[36mc.m.r.e.s.ProductoServiceImpl&amp#27;[0;39m - -> Ejecutando metodo get de para obtencion de todos los productos
]]></system-out>
  </testcase>
  <testcase name="guardarProducto_DatosValidos_LlamaValidadorYGuarda" classname="com.meli.rest.evaluacion.service.ProductoServiceImplTest" time="0.133">
    <system-out><![CDATA[2025-12-05 19:03:20.209 [main] &amp#27;[34mINFO &amp#27;[0;39m &amp#27;[36mc.m.r.e.s.ProductoServiceImpl&amp#27;[0;39m - -> Iniciando proceso de guardado o actualización de producto. ID recibido: 1
2025-12-05 19:03:20.209 [main] &amp#27;[39mDEBUG&amp#27;[0;39m &amp#27;[36mc.m.r.e.s.ProductoServiceImpl&amp#27;[0;39m - Validando datos del producto: Producto(id=1, titulo=Test Item, precio=100.00, moneda=CLP, stockDisponible=null, descripcion=null, especificaciones=null, urlsImagenes=null, idVendedor=null, nombreVendedor=null, reputacionVendedor=null, cantidadVendida=0, fechaPublicacion=2025-12-05T19:03:20.150419800, envioGratis=false, metodoEnvioPrincipal=null, ratingPromedio=0.0, totalOpiniones=0, fechaActualizacion=null)
2025-12-05 19:03:20.276 [main] &amp#27;[39mDEBUG&amp#27;[0;39m &amp#27;[36mc.m.r.e.s.ProductoServiceImpl&amp#27;[0;39m - Validación exitosa para el producto.
2025-12-05 19:03:20.278 [main] &amp#27;[34mINFO &amp#27;[0;39m &amp#27;[36mc.m.r.e.s.ProductoServiceImpl&amp#27;[0;39m - <- Producto guardado exitosamente. Nuevo ID asignado: 1
]]></system-out>
  </testcase>
  <testcase name="guardarProducto_DatosInvalidos_LanzaInvalidDataException" classname="com.meli.rest.evaluacion.service.ProductoServiceImplTest" time="0.015">
    <system-out><![CDATA[2025-12-05 19:03:20.293 [main] &amp#27;[34mINFO &amp#27;[0;39m &amp#27;[36mc.m.r.e.s.ProductoServiceImpl&amp#27;[0;39m - -> Iniciando proceso de guardado o actualización de producto. ID recibido: 1
2025-12-05 19:03:20.294 [main] &amp#27;[39mDEBUG&amp#27;[0;39m &amp#27;[36mc.m.r.e.s.ProductoServiceImpl&amp#27;[0;39m - Validando datos del producto: Producto(id=1, titulo=Test Item, precio=100.00, moneda=CLP, stockDisponible=null, descripcion=null, especificaciones=null, urlsImagenes=null, idVendedor=null, nombreVendedor=null, reputacionVendedor=null, cantidadVendida=0, fechaPublicacion=2025-12-05T19:03:20.290044300, envioGratis=false, metodoEnvioPrincipal=null, ratingPromedio=0.0, totalOpiniones=0, fechaActualizacion=null)
2025-12-05 19:03:20.296 [main] &amp#27;[1;31mERROR&amp#27;[0;39m &amp#27;[36mc.m.r.e.s.ProductoServiceImpl&amp#27;[0;39m - Error de validación al guardar producto: Precio inválido
]]></system-out>
  </testcase>
</testsuite>